# JRE version: Java(TM) SE Runtime Environment (8.0_311-b11) (build 1.8.0_311-b11)
# Java VM: Java HotSpot(TM) 64-Bit Server VM (25.311-b11 mixed mode windows-amd64 compressed oops)
Heap:
 PSYoungGen      total 872960K, used 497954K [0x0000000718700000, 0x0000000752c00000, 0x00000007c0000000)
  eden space 842752K, 58% used [0x0000000718700000,0x00000007364f81a0,0x000000074be00000)
  from space 30208K, 28% used [0x000000074be00000,0x000000074c650860,0x000000074db80000)
  to   space 30208K, 0% used [0x0000000750e80000,0x0000000750e80000,0x0000000752c00000)
 ParOldGen       total 689152K, used 89418K [0x00000005c9400000, 0x00000005f3500000, 0x0000000718700000)
  object space 689152K, 12% used [0x00000005c9400000,0x00000005ceb52b80,0x00000005f3500000)
 Metaspace       used 111519K, capacity 114975K, committed 115200K, reserved 1150976K
  class space    used 13163K, capacity 13779K, committed 13824K, reserved 1048576K
GC Heap History (10 events):
Event: 141.271 GC heap before
{Heap before GC invocations=27 (full 4):
 PSYoungGen      total 766464K, used 741252K [0x0000000718700000, 0x0000000749980000, 0x00000007c0000000)
  eden space 729600K, 100% used [0x0000000718700000,0x0000000744f80000,0x0000000744f80000)
  from space 36864K, 31% used [0x0000000747200000,0x0000000747d61078,0x0000000749600000)
  to   space 35328K, 0% used [0x0000000744f80000,0x0000000744f80000,0x0000000747200000)
 ParOldGen       total 689152K, used 83003K [0x00000005c9400000, 0x00000005f3500000, 0x0000000718700000)
  object space 689152K, 12% used [0x00000005c9400000,0x00000005ce50ed78,0x00000005f3500000)
 Metaspace       used 111313K, capacity 114783K, committed 114944K, reserved 1150976K
  class space    used 13158K, capacity 13779K, committed 13824K, reserved 1048576K
Event: 141.285 GC heap after
Heap after GC invocations=27 (full 4):
 PSYoungGen      total 764928K, used 11299K [0x0000000718700000, 0x000000074d280000, 0x00000007c0000000)
  eden space 729600K, 0% used [0x0000000718700000,0x0000000718700000,0x0000000744f80000)
  from space 35328K, 31% used [0x0000000744f80000,0x0000000745a88de8,0x0000000747200000)
  to   space 34304K, 0% used [0x000000074b100000,0x000000074b100000,0x000000074d280000)
 ParOldGen       total 689152K, used 83011K [0x00000005c9400000, 0x00000005f3500000, 0x0000000718700000)
  object space 689152K, 12% used [0x00000005c9400000,0x00000005ce510d78,0x00000005f3500000)
 Metaspace       used 111313K, capacity 114783K, committed 114944K, reserved 1150976K
  class space    used 13158K, capacity 13779K, committed 13824K, reserved 1048576K
}
Event: 143.495 GC heap before
{Heap before GC invocations=28 (full 4):
 PSYoungGen      total 764928K, used 740899K [0x0000000718700000, 0x000000074d280000, 0x00000007c0000000)
  eden space 729600K, 100% used [0x0000000718700000,0x0000000744f80000,0x0000000744f80000)
  from space 35328K, 31% used [0x0000000744f80000,0x0000000745a88de8,0x0000000747200000)
  to   space 34304K, 0% used [0x000000074b100000,0x000000074b100000,0x000000074d280000)
 ParOldGen       total 689152K, used 83011K [0x00000005c9400000, 0x00000005f3500000, 0x0000000718700000)
  object space 689152K, 12% used [0x00000005c9400000,0x00000005ce510d78,0x00000005f3500000)
 Metaspace       used 111330K, capacity 114847K, committed 114944K, reserved 1150976K
  class space    used 13159K, capacity 13779K, committed 13824K, reserved 1048576K
Event: 143.507 GC heap after
Heap after GC invocations=28 (full 4):
 PSYoungGen      total 825344K, used 12772K [0x0000000718700000, 0x000000074cf80000, 0x00000007c0000000)
  eden space 794112K, 0% used [0x0000000718700000,0x0000000718700000,0x0000000748e80000)
  from space 31232K, 40% used [0x000000074b100000,0x000000074bd79228,0x000000074cf80000)
  to   space 33280K, 0% used [0x0000000748e80000,0x0000000748e80000,0x000000074af00000)
 ParOldGen       total 689152K, used 83019K [0x00000005c9400000, 0x00000005f3500000, 0x0000000718700000)
  object space 689152K, 12% used [0x00000005c9400000,0x00000005ce512d78,0x00000005f3500000)
 Metaspace       used 111330K, capacity 114847K, committed 114944K, reserved 1150976K
  class space    used 13159K, capacity 13779K, committed 13824K, reserved 1048576K
}
Event: 146.253 GC heap before
{Heap before GC invocations=29 (full 4):
 PSYoungGen      total 825344K, used 806884K [0x0000000718700000, 0x000000074cf80000, 0x00000007c0000000)
  eden space 794112K, 100% used [0x0000000718700000,0x0000000748e80000,0x0000000748e80000)
  from space 31232K, 40% used [0x000000074b100000,0x000000074bd79228,0x000000074cf80000)
  to   space 33280K, 0% used [0x0000000748e80000,0x0000000748e80000,0x000000074af00000)
 ParOldGen       total 689152K, used 83019K [0x00000005c9400000, 0x00000005f3500000, 0x0000000718700000)
  object space 689152K, 12% used [0x00000005c9400000,0x00000005ce512d78,0x00000005f3500000)
 Metaspace       used 111389K, capacity 114911K, committed 115200K, reserved 1150976K
  class space    used 13159K, capacity 13779K, committed 13824K, reserved 1048576K
Event: 146.267 GC heap after
Heap after GC invocations=29 (full 4):
 PSYoungGen      total 827392K, used 13056K [0x0000000718700000, 0x000000074ff80000, 0x00000007c0000000)
  eden space 794112K, 0% used [0x0000000718700000,0x0000000718700000,0x0000000748e80000)
  from space 33280K, 39% used [0x0000000748e80000,0x0000000749b401e0,0x000000074af00000)
  to   space 31744K, 0% used [0x000000074e080000,0x000000074e080000,0x000000074ff80000)
 ParOldGen       total 689152K, used 83027K [0x00000005c9400000, 0x00000005f3500000, 0x0000000718700000)
  object space 689152K, 12% used [0x00000005c9400000,0x00000005ce514d78,0x00000005f3500000)
 Metaspace       used 111389K, capacity 114911K, committed 115200K, reserved 1150976K
  class space    used 13159K, capacity 13779K, committed 13824K, reserved 1048576K
}
Event: 149.502 GC heap before
{Heap before GC invocations=30 (full 4):
 PSYoungGen      total 827392K, used 807168K [0x0000000718700000, 0x000000074ff80000, 0x00000007c0000000)
  eden space 794112K, 100% used [0x0000000718700000,0x0000000748e80000,0x0000000748e80000)
  from space 33280K, 39% used [0x0000000748e80000,0x0000000749b401e0,0x000000074af00000)
  to   space 31744K, 0% used [0x000000074e080000,0x000000074e080000,0x000000074ff80000)
 ParOldGen       total 689152K, used 83027K [0x00000005c9400000, 0x00000005f3500000, 0x0000000718700000)
  object space 689152K, 12% used [0x00000005c9400000,0x00000005ce514d78,0x00000005f3500000)
 Metaspace       used 111442K, capacity 114911K, committed 115200K, reserved 1150976K
  class space    used 13159K, capacity 13779K, committed 13824K, reserved 1048576K
Event: 149.514 GC heap after
Heap after GC invocations=30 (full 4):
 PSYoungGen      total 867840K, used 13696K [0x0000000718700000, 0x000000074f900000, 0x00000007c0000000)
  eden space 842752K, 0% used [0x0000000718700000,0x0000000718700000,0x000000074be00000)
  from space 25088K, 54% used [0x000000074e080000,0x000000074ede01c0,0x000000074f900000)
  to   space 30208K, 0% used [0x000000074be00000,0x000000074be00000,0x000000074db80000)
 ParOldGen       total 689152K, used 83035K [0x00000005c9400000, 0x00000005f3500000, 0x0000000718700000)
  object space 689152K, 12% used [0x00000005c9400000,0x00000005ce516d78,0x00000005f3500000)
 Metaspace       used 111442K, capacity 114911K, committed 115200K, reserved 1150976K
  class space    used 13159K, capacity 13779K, committed 13824K, reserved 1048576K
}
Event: 152.056 GC heap before
{Heap before GC invocations=31 (full 4):
 PSYoungGen      total 867840K, used 856448K [0x0000000718700000, 0x000000074f900000, 0x00000007c0000000)
  eden space 842752K, 100% used [0x0000000718700000,0x000000074be00000,0x000000074be00000)
  from space 25088K, 54% used [0x000000074e080000,0x000000074ede01c0,0x000000074f900000)
  to   space 30208K, 0% used [0x000000074be00000,0x000000074be00000,0x000000074db80000)
 ParOldGen       total 689152K, used 83035K [0x00000005c9400000, 0x00000005f3500000, 0x0000000718700000)
  object space 689152K, 12% used [0x00000005c9400000,0x00000005ce516d78,0x00000005f3500000)
 Metaspace       used 111451K, capacity 114911K, committed 115200K, reserved 1150976K
  class space    used 13160K, capacity 13779K, committed 13824K, reserved 1048576K
Event: 152.070 GC heap after
Heap after GC invocations=31 (full 4):
 PSYoungGen      total 872960K, used 8514K [0x0000000718700000, 0x0000000752c00000, 0x00000007c0000000)
  eden space 842752K, 0% used [0x0000000718700000,0x0000000718700000,0x000000074be00000)
  from space 30208K, 28% used [0x000000074be00000,0x000000074c650860,0x000000074db80000)
  to   space 30208K, 0% used [0x0000000750e80000,0x0000000750e80000,0x0000000752c00000)
 ParOldGen       total 689152K, used 89418K [0x00000005c9400000, 0x00000005f3500000, 0x0000000718700000)
  object space 689152K, 12% used [0x00000005c9400000,0x00000005ceb52b80,0x00000005f3500000)
 Metaspace       used 111451K, capacity 114911K, committed 115200K, reserved 1150976K
  class space    used 13160K, capacity 13779K, committed 13824K, reserved 1048576K
}

